Build started 6/11/2012 3:02:25 PM.
     1>Project "C:\Users\rbedikian\Desktop\Platform\InputDriverNew\source\TestHarness\TestHarness.vcxproj" on node 2 (build target(s)).
     1>InitializeBuildStatus:
         Touching "x64\Release\TestHarness.unsuccessfulbuild".
       ClCompile:
         All outputs are up-to-date.
         All outputs are up-to-date.
       Link:
         C:\Program Files (x86)\Microsoft Visual Studio 10.0\VC\bin\x86_amd64\link.exe /ERRORREPORT:PROMPT /OUT:"C:\Users\rbedikian\Desktop\Platform\InputDriverNew\source\x64\Release\TestHarness.exe" /INCREMENTAL:NO /NOLOGO /LIBPATH:..\contrib\amd64 Setupapi.lib hid.lib psapi.lib shlwapi.lib kernel32.lib user32.lib gdi32.lib winspool.lib comdlg32.lib advapi32.lib shell32.lib ole32.lib oleaut32.lib uuid.lib odbc32.lib odbccp32.lib /MANIFEST /ManifestFile:"x64\Release\TestHarness.exe.intermediate.manifest" /MANIFESTUAC:"level='asInvoker' uiAccess='false'" /DEBUG /PDB:"C:\Users\rbedikian\Desktop\Platform\InputDriverNew\source\x64\Release\TestHarness.pdb" /SUBSYSTEM:CONSOLE /OPT:REF /OPT:ICF /LTCG /TLBID:1 /DYNAMICBASE /NXCOMPAT /IMPLIB:"C:\Users\rbedikian\Desktop\Platform\InputDriverNew\source\x64\Release\TestHarness.lib" /MACHINE:X64 x64\Release\stdafx.obj
         x64\Release\TestHarness.obj
         C:\Users\rbedikian\Desktop\Platform\InputDriverNew\source\x64\Release\OcuInterface.lib
     1>OcuInterface.lib(OcuImage.obj) : error LNK2001: unresolved external symbol GdipCreateBitmapFromFile
     1>OcuInterface.lib(OcuImage.obj) : error LNK2001: unresolved external symbol GdipCreateBitmapFromFileICM
     1>OcuInterface.lib(OcuImage.obj) : error LNK2001: unresolved external symbol GdipFree
     1>OcuInterface.lib(OcuImage.obj) : error LNK2001: unresolved external symbol GdipAlloc
     1>OcuInterface.lib(OcuImage.obj) : error LNK2001: unresolved external symbol GdipCloneImage
     1>OcuInterface.lib(OcuImage.obj) : error LNK2001: unresolved external symbol GdipDisposeImage
     1>OcuInterface.lib(OcuImage.obj) : error LNK2001: unresolved external symbol GdipBitmapLockBits
     1>OcuInterface.lib(OcuImage.obj) : error LNK2001: unresolved external symbol GdipGetImageHeight
     1>OcuInterface.lib(OcuImage.obj) : error LNK2001: unresolved external symbol GdipGetImageWidth
     1>OcuInterface.lib(OcuImage.obj) : error LNK2001: unresolved external symbol GdipBitmapUnlockBits
     1>C:\Users\rbedikian\Desktop\Platform\InputDriverNew\source\x64\Release\TestHarness.exe : fatal error LNK1120: 10 unresolved externals
     1>Done Building Project "C:\Users\rbedikian\Desktop\Platform\InputDriverNew\source\TestHarness\TestHarness.vcxproj" (build target(s)) -- FAILED.

Build FAILED.

Time Elapsed 00:00:00.26
